<?xml version="1.0" encoding="UTF-8"?>
<!-- Generated by org.testng.reporters.JUnitReportReporter -->
<testsuite hostname="Akash" failures="0" tests="1" name="testCases.TC_002_AccountLoginTest" time="0.958" errors="0" timestamp="2023-02-23T12:51:06 IST" skipped="0">
  <testcase classname="testCases.TC_002_AccountLoginTest" name="login" time="0.958"/>
  <system-out/>
</testsuite> <!-- testCases.TC_002_AccountLoginTest -->
