<?xml version="1.0" encoding="UTF-8"?>
<!-- Generated by org.testng.reporters.JUnitReportReporter -->
<testsuite hostname="Akash" failures="0" tests="5" name="testCases.TC_003_LoginDataDrivenTest" time="43.006" errors="0" timestamp="2023-02-22T15:01:11 IST" skipped="0">
  <testcase classname="testCases.TC_003_LoginDataDrivenTest" name="testLogin" time="10.545"/>
  <system-out/>
  <testcase classname="testCases.TC_003_LoginDataDrivenTest" name="testLogin" time="10.386"/>
  <system-out/>
  <testcase classname="testCases.TC_003_LoginDataDrivenTest" name="testLogin" time="10.534"/>
  <system-out/>
  <testcase classname="testCases.TC_003_LoginDataDrivenTest" name="testLogin" time="10.492"/>
  <system-out/>
  <testcase classname="testCases.TC_003_LoginDataDrivenTest" name="testLogin" time="1.049"/>
  <system-out/>
</testsuite> <!-- testCases.TC_003_LoginDataDrivenTest -->
